<?xml version="1.0" encoding="UTF-8"?>
<!-- Generated by org.testng.reporters.JUnitXMLReporter -->
<testsuite ignored="0" hostname="ASUS-TUF-F15" failures="0" tests="8" name="BatchTest" time="115.65" errors="0" timestamp="2024-08-01T17:03:20 IST">
  <testcase classname="com.app.mock.beautyTest.LaunchSugarTest" name="launchSugarTest" time="29.077"/>
  <testcase classname="com.app.mock.beautyTest.LaunchLorealTest" name="launchLorealTest" time="1.262"/>
  <testcase classname="com.app.mock.entertainmentTest.LaunchNetflixTest" name="launchNetflixTest" time="14.986"/>
  <testcase classname="com.app.mock.entertainmentTest.LaunchPrimeTest" name="launchPrimeTest" time="1.578"/>
  <testcase classname="com.app.mock.ecomTest.LaunchAmazonTest" name="launchAmazonTest" time="1.716"/>
  <testcase classname="com.app.mock.ecomTest.LaunchFlipkartTest" name="launchFlipkartTest" time="1.44"/>
  <testcase classname="com.app.mock.foodTest.LaunchSwigyTest" name="launchSwiggyTest" time="28.484"/>
  <testcase classname="com.app.mock.foodTest.LaunchZomatoTest" name="launchZomatoTest" time="29.156"/>
</testsuite> <!-- BatchTest -->
