<?xml version="1.0" encoding="UTF-8"?>
<!-- Generated by org.testng.reporters.JUnitXMLReporter -->
<testsuite ignored="0" hostname="ASUS-TUF-F15" failures="0" tests="8" name="BatchTest" time="95.45" errors="0" timestamp="2024-08-01T15:44:53 IST">
  <testcase classname="com.app.mock.beautyTest.LaunchSugarTest" name="launchSugarTest" time="23.561"/>
  <testcase classname="com.app.mock.entertainmentTest.LaunchNetflixTest" name="launchNetflixTest" time="15.118"/>
  <testcase classname="com.app.mock.ecomTest.LaunchAmazonTest" name="launchAmazonTest" time="2.249"/>
  <testcase classname="com.app.mock.ecomTest.LaunchFlipkartTest" name="launchFlipkartTest" time="2.156"/>
  <testcase classname="com.app.mock.entertainmentTest.LaunchPrimeTest" name="launchPrimeTest" time="1.543"/>
  <testcase classname="com.app.mock.foodTest.LaunchSwigyTest" name="launchSwiggyTest" time="0.856"/>
  <testcase classname="com.app.mock.beautyTest.LaunchLorealTest" name="launchLorealTest" time="1.263"/>
  <testcase classname="com.app.mock.foodTest.LaunchZomatoTest" name="launchZomatoTest" time="16.52"/>
</testsuite> <!-- BatchTest -->
