<?xml version="1.0" encoding="UTF-8"?>
<!-- Generated by org.testng.reporters.JUnitXMLReporter -->
<testsuite ignored="0" hostname="ASUS-TUF-F15" failures="0" tests="2" name="ParallelTest3" time="22.584" errors="0" timestamp="2024-08-01T16:59:05 IST">
  <testcase classname="com.app.mock.entertainmentTest.LaunchPrimeTest" name="launchPrimeTest" time="2.551"/>
  <testcase classname="com.app.mock.entertainmentTest.LaunchNetflixTest" name="launchNetflixTest" time="14.621"/>
</testsuite> <!-- ParallelTest3 -->
