<?xml version="1.0" encoding="UTF-8"?>
<!-- Generated by org.testng.reporters.JUnitXMLReporter -->
<testsuite ignored="0" hostname="ASUS-TUF-F15" failures="0" tests="2" name="ParallelTest3" time="21.06" errors="0" timestamp="2024-08-01T17:36:34 IST">
  <testcase classname="com.app.mock.entertainmentTest.LaunchPrimeTest" name="launchPrimeTest" time="2.008"/>
  <testcase classname="com.app.mock.entertainmentTest.LaunchNetflixTest" name="launchNetflixTest" time="14.731"/>
</testsuite> <!-- ParallelTest3 -->
