<?xml version="1.0" encoding="UTF-8"?>
<!-- Generated by org.testng.reporters.JUnitXMLReporter -->
<testsuite ignored="0" hostname="ASUS-TUF-F15" failures="0" tests="1" name="Test" time="0.043" errors="0" timestamp="2024-08-01T14:58:19 IST">
  <testcase classname="com.app.mock.baseTest.TestBaseInitializer" name="@BeforeClass configBC" time="0.012">
    <failure type="java.lang.NullPointerException" message="Cannot invoke &amp;quot;String.equalsIgnoreCase(String)&amp;quot; because &amp;quot;BROWSER&amp;quot; is null">
      <![CDATA[java.lang.NullPointerException: Cannot invoke "String.equalsIgnoreCase(String)" because "BROWSER" is null
at com.app.mock.baseTest.TestBaseInitializer.configBC(TestBaseInitializer.java:20)
at java.base/java.util.ArrayList.forEach(ArrayList.java:1596)
... Removed 23 stack frames]]>
    </failure>
  </testcase> <!-- @BeforeClass configBC -->
  <testcase classname="com.app.mock.baseTest.TestBaseInitializer" name="@AfterClass configAC" time="0.0">
    <skipped/>
  </testcase> <!-- @AfterClass configAC -->
  <testcase classname="com.app.mock.ecom.LaunchFlipkartTest" name="launchFlipkartTest" time="0.0">
    <skipped/>
  </testcase> <!-- launchFlipkartTest -->
</testsuite> <!-- Test -->
