<?xml version="1.0" encoding="UTF-8"?>
<!-- Generated by org.testng.reporters.JUnitXMLReporter -->
<testsuite ignored="6" hostname="ASUS-TUF-F15" failures="0" tests="2" name="BeautyTest" time="32.58" errors="0" timestamp="2024-08-01T16:57:33 IST">
  <testcase classname="com.app.mock.beautyTest.LaunchSugarTest" name="launchSugarTest" time="29.082"/>
  <testcase classname="com.app.mock.beautyTest.LaunchLorealTest" name="launchLorealTest" time="1.284"/>
  <testcase classname="com.app.mock.foodTest.LaunchSwigyTest" name="launchSwiggyTest" time="0.0">
    <ignored/>
  </testcase> <!-- launchSwiggyTest -->
  <testcase classname="com.app.mock.foodTest.LaunchZomatoTest" name="launchZomatoTest" time="0.0">
    <ignored/>
  </testcase> <!-- launchZomatoTest -->
  <testcase classname="com.app.mock.entertainmentTest.LaunchNetflixTest" name="launchNetflixTest" time="0.0">
    <ignored/>
  </testcase> <!-- launchNetflixTest -->
  <testcase classname="com.app.mock.entertainmentTest.LaunchPrimeTest" name="launchPrimeTest" time="0.0">
    <ignored/>
  </testcase> <!-- launchPrimeTest -->
  <testcase classname="com.app.mock.ecomTest.LaunchAmazonTest" name="launchAmazonTest" time="0.0">
    <ignored/>
  </testcase> <!-- launchAmazonTest -->
  <testcase classname="com.app.mock.ecomTest.LaunchFlipkartTest" name="launchFlipkartTest" time="0.0">
    <ignored/>
  </testcase> <!-- launchFlipkartTest -->
</testsuite> <!-- BeautyTest -->
